build/app/outputs/mapping/release/seeds.txt
androidx.core.view.WindowInsetsCompat$Impl: void setRootWindowInsets(androidx.core.view.WindowInsetsCompat)
androidx.core.view.ViewCompat$Api21Impl: float getZ(android.view.View)
io.flutter.embedding.engine.FlutterJNI: void nativeDispatchPointerDataPacket(long,java.nio.ByteBuffer,int)
io.flutter.view.TextureRegistry$ImageTextureEntry: void pushImage(android.media.Image)
io.flutter.embedding.engine.systemchannels.TextInputChannel$TextInputType: io.flutter.embedding.engine.systemchannels.TextInputChannel$TextInputType[] values()
androidx.core.view.ViewCompat$Api21Impl: boolean isImportantForAccessibility(android.view.View)
androidx.core.graphics.drawable.IconCompat$Api30Impl: android.graphics.drawable.Icon createWithAdaptiveBitmapContentUri(android.net.Uri)
androidx.window.area.reflectionguard.ExtensionWindowAreaStatusRequirements: int getWindowAreaStatus()
io.flutter.embedding.engine.mutatorsstack.FlutterMutatorsStack: void pushClipRRect(int,int,int,int,float[])
io.flutter.view.AccessibilityViewEmbedder: boolean requestSendAccessibilityEvent(android.view.View,android.view.View,android.view.accessibility.AccessibilityEvent)
io.flutter.embedding.engine.FlutterJNI: void prefetchDefaultFontManager()
io.flutter.embedding.engine.FlutterJNI: void nativeInvokePlatformMessageEmptyResponseCallback(long,int)
io.flutter.embedding.engine.FlutterJNI: void nativeSurfaceWindowChanged(long,android.view.Surface)
androidx.lifecycle.ProcessLifecycleOwner$attach$1: void onActivityCreated(android.app.Activity,android.os.Bundle)
io.flutter.embedding.android.FlutterTextureView: io.flutter.embedding.engine.renderer.FlutterRenderer getAttachedRenderer()
kotlinx.coroutines.internal.LockFreeLinkedListHead: LockFreeLinkedListHead()
androidx.core.view.WindowInsetsCompat$BuilderImpl: androidx.core.view.WindowInsetsCompat build()
io.flutter.embedding.engine.FlutterJNI: java.lang.String getObservatoryUri()
androidx.concurrent.futures.AbstractResolvableFuture: AbstractResolvableFuture()
androidx.core.view.WindowInsetsCompat$Impl20: androidx.core.graphics.Insets getInsets(int)
androidx.core.view.WindowInsetsCompat$TypeImpl30: int toPlatformType(int)
io.flutter.embedding.engine.FlutterJNI: void onPreEngineRestart()
io.flutter.plugin.platform.PlatformViewWrapper: int getRenderTargetHeight()
io.flutter.embedding.engine.systemchannels.SettingsChannel$PlatformBrightness: io.flutter.embedding.engine.systemchannels.SettingsChannel$PlatformBrightness valueOf(java.lang.String)
io.flutter.embedding.engine.renderer.FlutterRenderer$ImageReaderSurfaceProducer: long id()
io.flutter.embedding.engine.renderer.FlutterRenderer$ImageReaderSurfaceProducer: void releaseInternal()
io.flutter.plugin.editing.ImeSyncDeferringInsetsCallback: android.view.View$OnApplyWindowInsetsListener getInsetsListener()
kotlin.random.Random: Random()
androidx.lifecycle.ReportFragment$LifecycleCallbacks: ReportFragment$LifecycleCallbacks()
androidx.profileinstaller.ProfileVerifier$Api33Impl: android.content.pm.PackageInfo getPackageInfo(android.content.pm.PackageManager,android.content.Context)
io.flutter.view.AccessibilityViewEmbedder: android.view.accessibility.AccessibilityNodeInfo convertToFlutterNode(android.view.accessibility.AccessibilityNodeInfo,int,android.view.View)
io.flutter.embedding.engine.systemchannels.TextInputChannel$TextCapitalization: io.flutter.embedding.engine.systemchannels.TextInputChannel$TextCapitalization[] values()
androidx.core.view.ViewCompat$Api23Impl: androidx.core.view.WindowInsetsCompat getRootWindowInsets(android.view.View)
androidx.core.view.WindowInsetsCompat$BuilderImpl: void setTappableElementInsets(androidx.core.graphics.Insets)
kotlinx.coroutines.android.HandlerDispatcher: HandlerDispatcher()
io.flutter.embedding.android.FlutterActivity: FlutterActivity()
androidx.core.view.WindowInsetsCompat$BuilderImpl29: void setStableInsets(androidx.core.graphics.Insets)
io.flutter.embedding.engine.FlutterJNI: float getScaledFontSize(float,int)