build/app/outputs/mapping/release/usage.txt
kotlinx.coroutines.flow.FlowKt__ChannelsKt$asFlow$$inlined$unsafeFlow$1
kotlinx.coroutines.flow.FlowKt__ChannelsKt:
    public static final kotlinx.coroutines.flow.Flow asFlow(kotlinx.coroutines.channels.BroadcastChannel)
    public static final kotlinx.coroutines.flow.Flow consumeAsFlow(kotlinx.coroutines.channels.ReceiveChannel)
    public static final kotlinx.coroutines.channels.ReceiveChannel produceIn(kotlinx.coroutines.flow.Flow,kotlinx.coroutines.CoroutineScope)
    public static final kotlinx.coroutines.flow.Flow receiveAsFlow(kotlinx.coroutines.channels.ReceiveChannel)
kotlinx.coroutines.flow.FlowKt__CollectKt$collect$3$emit$1
kotlinx.coroutines.flow.FlowKt__CollectKt$collect$3
kotlinx.coroutines.flow.FlowKt__CollectKt$collectIndexed$2$emit$1
kotlinx.coroutines.flow.FlowKt__CollectKt$collectIndexed$2
kotlinx.coroutines.flow.FlowKt__CollectKt$launchIn$1
kotlinx.coroutines.flow.FlowKt__CollectKt
kotlinx.coroutines.flow.FlowKt__CollectionKt$toCollection$1
kotlinx.coroutines.flow.FlowKt__CollectionKt$toCollection$2
kotlinx.coroutines.flow.FlowKt__CollectionKt
kotlinx.coroutines.flow.FlowKt__ContextKt:
    public static final synthetic kotlinx.coroutines.flow.Flow buffer(kotlinx.coroutines.flow.Flow,int)
    public static final kotlinx.coroutines.flow.Flow buffer(kotlinx.coroutines.flow.Flow,int,kotlinx.coroutines.channels.BufferOverflow)
    public static synthetic kotlinx.coroutines.flow.Flow buffer$default(kotlinx.coroutines.flow.Flow,int,int,java.lang.Object)
    public static synthetic kotlinx.coroutines.flow.Flow buffer$default(kotlinx.coroutines.flow.Flow,int,kotlinx.coroutines.channels.BufferOverflow,int,java.lang.Object)
    public static final kotlinx.coroutines.flow.Flow cancellable(kotlinx.coroutines.flow.Flow)
    public static final kotlinx.coroutines.flow.Flow conflate(kotlinx.coroutines.flow.Flow)
kotlinx.coroutines.flow.FlowKt__CountKt$count$1
kotlinx.coroutines.flow.FlowKt__CountKt$count$2
kotlinx.coroutines.flow.FlowKt__CountKt$count$3
kotlinx.coroutines.flow.FlowKt__CountKt$count$4$emit$1
kotlinx.coroutines.flow.FlowKt__CountKt$count$4
kotlinx.coroutines.flow.FlowKt__CountKt
kotlinx.coroutines.flow.FlowKt__DelayKt$debounce$2
kotlinx.coroutines.flow.FlowKt__DelayKt$debounce$3
kotlinx.coroutines.flow.FlowKt__DelayKt$debounceInternal$1$3$1
kotlinx.coroutines.flow.FlowKt__DelayKt$debounceInternal$1$3$2
kotlinx.coroutines.flow.FlowKt__DelayKt$debounceInternal$1$values$1$1$emit$1
kotlinx.coroutines.flow.FlowKt__DelayKt$debounceInternal$1$values$1$1
kotlinx.coroutines.flow.FlowKt__DelayKt$debounceInternal$1$values$1
kotlinx.coroutines.flow.FlowKt__DelayKt$debounceInternal$1
kotlinx.coroutines.flow.FlowKt__DelayKt$fixedPeriodTicker$3
kotlinx.coroutines.flow.FlowKt__DelayKt$sample$2$1$1
kotlinx.coroutines.flow.FlowKt__DelayKt$sample$2$1$2
kotlinx.coroutines.flow.FlowKt__DelayKt$sample$2$values$1$1$emit$1
kotlinx.coroutines.flow.FlowKt__DelayKt$sample$2$values$1$1
kotlinx.coroutines.flow.FlowKt__DelayKt$sample$2$values$1
kotlinx.coroutines.flow.FlowKt__DelayKt$sample$2
kotlinx.coroutines.flow.FlowKt__DelayKt$timeoutInternal$1$1$1
kotlinx.coroutines.flow.FlowKt__DelayKt$timeoutInternal$1$1$2
kotlinx.coroutines.flow.FlowKt__DelayKt$timeoutInternal$1
kotlinx.coroutines.flow.FlowKt__DelayKt
kotlinx.coroutines.flow.FlowKt__DistinctKt$defaultAreEquivalent$1
kotlinx.coroutines.flow.FlowKt__DistinctKt$defaultKeySelector$1
kotlinx.coroutines.flow.FlowKt__DistinctKt
kotlinx.coroutines.flow.FlowKt__EmittersKt$invokeSafely$1
kotlinx.coroutines.flow.FlowKt__EmittersKt$onCompletion$$inlined$unsafeFlow$1$1
kotlinx.coroutines.flow.FlowKt__EmittersKt$onCompletion$$inlined$unsafeFlow$1
kotlinx.coroutines.flow.FlowKt__EmittersKt$onEmpty$$inlined$unsafeFlow$1$1
kotlinx.coroutines.flow.FlowKt__EmittersKt$onEmpty$$inlined$unsafeFlow$1
kotlinx.coroutines.flow.FlowKt__EmittersKt$onEmpty$1$1$emit$1
kotlinx.coroutines.flow.FlowKt__EmittersKt$onEmpty$1$1
kotlinx.coroutines.flow.FlowKt__EmittersKt$onStart$$inlined$unsafeFlow$1$1